<?xml version="1.0" encoding="UTF-8"?>
<TestRun id="75a7a3ea-4795-4ad7-8108-e19d8fee6588" name="sdolby15@DL3804 2017-02-09 12:14:39" runUser="DL3804\sdolby15" xmlns="http://microsoft.com/schemas/VisualStudio/TeamTest/2010">
  <TestSettings name="Local" id="56e0698d-10ba-4e00-8f16-8d755282be94">
    <Description>These are default test settings for a local test run.</Description>
    <Deployment enabled="false" runDeploymentRoot="sdolby15_DL3804 2017-02-09 12_14_39">
      <DeploymentItem filename="F:\SimonDolbyA2ProjectPhotoSorter\Unit Tests For Computing Project\ExifWorks.dll" />
    </Deployment>
    <Execution>
      <TestTypeSpecific />
      <AgentRule name="Execution Agents">
      </AgentRule>
    </Execution>
  </TestSettings>
  <Times creation="2017-02-09T12:14:39.3461488+00:00" queuing="2017-02-09T12:14:39.4081488+00:00" start="2017-02-09T12:14:39.4191488+00:00" finish="2017-02-09T12:15:01.5235488+00:00" />
  <ResultSummary outcome="Completed">
    <Counters total="2" executed="2" passed="2" error="0" failed="0" timeout="0" aborted="0" inconclusive="0" passedButRunAborted="0" notRunnable="0" notExecuted="0" disconnected="0" warning="0" completed="0" inProgress="0" pending="0" />
  </ResultSummary>
  <TestDefinitions>
    <UnitTest name="SharpenImage" storage="f:\simondolbya2projectphotosorter\unit tests for computing project\unit tests for computing project\bin\debug\unit tests for computing project.dll" id="f11cd6ce-bf20-1379-a7b3-c76703f15db0">
      <Execution id="6246526d-d19a-4935-9a48-a44cce786e0e" />
      <TestMethod codeBase="F:/SimonDolbyA2ProjectPhotoSorter/Unit Tests For Computing Project/Unit Tests For Computing Project/bin/Debug/Unit Tests For Computing Project.DLL" adapterTypeName="Microsoft.VisualStudio.TestTools.TestTypes.Unit.UnitTestAdapter, Microsoft.VisualStudio.QualityTools.Tips.UnitTest.Adapter, Version=10.0.0.0, Culture=neutral, PublicKeyToken=b03f5f7f11d50a3a" className="Unit_Tests_For_Computing_Project.ConvolutionTests, Unit Tests For Computing Project, Version=1.0.0.0, Culture=neutral, PublicKeyToken=null" name="SharpenImage" />
    </UnitTest>
    <UnitTest name="EmbossImage" storage="f:\simondolbya2projectphotosorter\unit tests for computing project\unit tests for computing project\bin\debug\unit tests for computing project.dll" id="bd6fb448-431c-cc6d-7efb-e532d7d801bb">
      <Execution id="65c65f05-5d1d-415f-9cad-9da9feebece6" />
      <TestMethod codeBase="F:/SimonDolbyA2ProjectPhotoSorter/Unit Tests For Computing Project/Unit Tests For Computing Project/bin/Debug/Unit Tests For Computing Project.DLL" adapterTypeName="Microsoft.VisualStudio.TestTools.TestTypes.Unit.UnitTestAdapter, Microsoft.VisualStudio.QualityTools.Tips.UnitTest.Adapter, Version=10.0.0.0, Culture=neutral, PublicKeyToken=b03f5f7f11d50a3a" className="Unit_Tests_For_Computing_Project.ConvolutionTests, Unit Tests For Computing Project, Version=1.0.0.0, Culture=neutral, PublicKeyToken=null" name="EmbossImage" />
    </UnitTest>
  </TestDefinitions>
  <TestLists>
    <TestList name="Results Not in a List" id="8c84fa94-04c1-424b-9868-57a2d4851a1d" />
    <TestList name="All Loaded Results" id="19431567-8539-422a-85d7-44ee4e166bda" />
  </TestLists>
  <TestEntries>
    <TestEntry testId="bd6fb448-431c-cc6d-7efb-e532d7d801bb" executionId="65c65f05-5d1d-415f-9cad-9da9feebece6" testListId="8c84fa94-04c1-424b-9868-57a2d4851a1d" />
    <TestEntry testId="f11cd6ce-bf20-1379-a7b3-c76703f15db0" executionId="6246526d-d19a-4935-9a48-a44cce786e0e" testListId="8c84fa94-04c1-424b-9868-57a2d4851a1d" />
  </TestEntries>
  <Results>
    <UnitTestResult executionId="65c65f05-5d1d-415f-9cad-9da9feebece6" testId="bd6fb448-431c-cc6d-7efb-e532d7d801bb" testName="EmbossImage" computerName="DL3804" duration="00:00:13.3139173" startTime="2017-02-09T12:14:39.4261488+00:00" endTime="2017-02-09T12:14:52.8849492+00:00" testType="13cdc9d9-ddb5-4fa4-a97d-d965ccfc6d4b" outcome="Passed" testListId="8c84fa94-04c1-424b-9868-57a2d4851a1d" relativeResultsDirectory="65c65f05-5d1d-415f-9cad-9da9feebece6">
    </UnitTestResult>
    <UnitTestResult executionId="6246526d-d19a-4935-9a48-a44cce786e0e" testId="f11cd6ce-bf20-1379-a7b3-c76703f15db0" testName="SharpenImage" computerName="DL3804" duration="00:00:08.5980549" startTime="2017-02-09T12:14:52.8889500+00:00" endTime="2017-02-09T12:15:01.4905488+00:00" testType="13cdc9d9-ddb5-4fa4-a97d-d965ccfc6d4b" outcome="Passed" testListId="8c84fa94-04c1-424b-9868-57a2d4851a1d" relativeResultsDirectory="6246526d-d19a-4935-9a48-a44cce786e0e">
    </UnitTestResult>
  </Results>
</TestRun>