<?xml version="1.0" encoding="UTF-8"?>
<TestRun id="2bb8536b-6e87-4cd0-b05b-127d825b66ff" name="sdolby15@DL3776 2017-02-10 11:18:12" runUser="DL3776\sdolby15" xmlns="http://microsoft.com/schemas/VisualStudio/TeamTest/2010">
  <TestSettings name="Local" id="56e0698d-10ba-4e00-8f16-8d755282be94">
    <Description>These are default test settings for a local test run.</Description>
    <Deployment enabled="false" runDeploymentRoot="sdolby15_DL3776 2017-02-10 11_18_12">
      <DeploymentItem filename="F:\SimonDolbyA2ProjectPhotoSorter\Unit Tests For Computing Project\ExifWorks.dll" />
    </Deployment>
    <Execution>
      <TestTypeSpecific />
      <AgentRule name="Execution Agents">
      </AgentRule>
    </Execution>
  </TestSettings>
  <Times creation="2017-02-10T11:18:12.3641928+00:00" queuing="2017-02-10T11:18:12.7101928+00:00" start="2017-02-10T11:18:12.7351928+00:00" finish="2017-02-10T11:18:52.4228318+00:00" />
  <ResultSummary outcome="Completed">
    <Counters total="3" executed="3" passed="3" error="0" failed="0" timeout="0" aborted="0" inconclusive="0" passedButRunAborted="0" notRunnable="0" notExecuted="0" disconnected="0" warning="0" completed="0" inProgress="0" pending="0" />
  </ResultSummary>
  <TestDefinitions>
    <UnitTest name="EmbossImage" storage="f:\simondolbya2projectphotosorter\unit tests for computing project\unit tests for computing project\bin\debug\unit tests for computing project.dll" id="bd6fb448-431c-cc6d-7efb-e532d7d801bb">
      <Execution id="42ec125e-bfbf-4f42-bbbd-8a97b32606ea" />
      <TestMethod codeBase="F:/SimonDolbyA2ProjectPhotoSorter/Unit Tests For Computing Project/Unit Tests For Computing Project/bin/Debug/Unit Tests For Computing Project.DLL" adapterTypeName="Microsoft.VisualStudio.TestTools.TestTypes.Unit.UnitTestAdapter, Microsoft.VisualStudio.QualityTools.Tips.UnitTest.Adapter, Version=10.0.0.0, Culture=neutral, PublicKeyToken=b03f5f7f11d50a3a" className="Unit_Tests_For_Computing_Project.ConvolutionTests, Unit Tests For Computing Project, Version=1.0.0.0, Culture=neutral, PublicKeyToken=null" name="EmbossImage" />
    </UnitTest>
    <UnitTest name="SimpleEdgeDetectionImage" storage="f:\simondolbya2projectphotosorter\unit tests for computing project\unit tests for computing project\bin\debug\unit tests for computing project.dll" id="1bc707db-1076-7e5e-2590-df460a58a14c">
      <Execution id="616b1295-8df8-4b36-b5cb-c4e744487bd9" />
      <TestMethod codeBase="F:/SimonDolbyA2ProjectPhotoSorter/Unit Tests For Computing Project/Unit Tests For Computing Project/bin/Debug/Unit Tests For Computing Project.DLL" adapterTypeName="Microsoft.VisualStudio.TestTools.TestTypes.Unit.UnitTestAdapter, Microsoft.VisualStudio.QualityTools.Tips.UnitTest.Adapter, Version=10.0.0.0, Culture=neutral, PublicKeyToken=b03f5f7f11d50a3a" className="Unit_Tests_For_Computing_Project.ConvolutionTests, Unit Tests For Computing Project, Version=1.0.0.0, Culture=neutral, PublicKeyToken=null" name="SimpleEdgeDetectionImage" />
    </UnitTest>
    <UnitTest name="SharpenImage" storage="f:\simondolbya2projectphotosorter\unit tests for computing project\unit tests for computing project\bin\debug\unit tests for computing project.dll" id="f11cd6ce-bf20-1379-a7b3-c76703f15db0">
      <Execution id="2653a82d-c191-47cc-990c-8729bdab054a" />
      <TestMethod codeBase="F:/SimonDolbyA2ProjectPhotoSorter/Unit Tests For Computing Project/Unit Tests For Computing Project/bin/Debug/Unit Tests For Computing Project.DLL" adapterTypeName="Microsoft.VisualStudio.TestTools.TestTypes.Unit.UnitTestAdapter, Microsoft.VisualStudio.QualityTools.Tips.UnitTest.Adapter, Version=10.0.0.0, Culture=neutral, PublicKeyToken=b03f5f7f11d50a3a" className="Unit_Tests_For_Computing_Project.ConvolutionTests, Unit Tests For Computing Project, Version=1.0.0.0, Culture=neutral, PublicKeyToken=null" name="SharpenImage" />
    </UnitTest>
  </TestDefinitions>
  <TestLists>
    <TestList name="Results Not in a List" id="8c84fa94-04c1-424b-9868-57a2d4851a1d" />
    <TestList name="All Loaded Results" id="19431567-8539-422a-85d7-44ee4e166bda" />
  </TestLists>
  <TestEntries>
    <TestEntry testId="1bc707db-1076-7e5e-2590-df460a58a14c" executionId="616b1295-8df8-4b36-b5cb-c4e744487bd9" testListId="8c84fa94-04c1-424b-9868-57a2d4851a1d" />
    <TestEntry testId="bd6fb448-431c-cc6d-7efb-e532d7d801bb" executionId="42ec125e-bfbf-4f42-bbbd-8a97b32606ea" testListId="8c84fa94-04c1-424b-9868-57a2d4851a1d" />
    <TestEntry testId="f11cd6ce-bf20-1379-a7b3-c76703f15db0" executionId="2653a82d-c191-47cc-990c-8729bdab054a" testListId="8c84fa94-04c1-424b-9868-57a2d4851a1d" />
  </TestEntries>
  <Results>
    <UnitTestResult executionId="616b1295-8df8-4b36-b5cb-c4e744487bd9" testId="1bc707db-1076-7e5e-2590-df460a58a14c" testName="SimpleEdgeDetectionImage" computerName="DL3776" duration="00:00:18.2980979" startTime="2017-02-10T11:18:12.7681928+00:00" endTime="2017-02-10T11:18:31.2764026+00:00" testType="13cdc9d9-ddb5-4fa4-a97d-d965ccfc6d4b" outcome="Passed" testListId="8c84fa94-04c1-424b-9868-57a2d4851a1d" relativeResultsDirectory="616b1295-8df8-4b36-b5cb-c4e744487bd9">
    </UnitTestResult>
    <UnitTestResult executionId="42ec125e-bfbf-4f42-bbbd-8a97b32606ea" testId="bd6fb448-431c-cc6d-7efb-e532d7d801bb" testName="EmbossImage" computerName="DL3776" duration="00:00:12.4127699" startTime="2017-02-10T11:18:31.2844042+00:00" endTime="2017-02-10T11:18:43.7012876+00:00" testType="13cdc9d9-ddb5-4fa4-a97d-d965ccfc6d4b" outcome="Passed" testListId="8c84fa94-04c1-424b-9868-57a2d4851a1d" relativeResultsDirectory="42ec125e-bfbf-4f42-bbbd-8a97b32606ea">
    </UnitTestResult>
    <UnitTestResult executionId="2653a82d-c191-47cc-990c-8729bdab054a" testId="f11cd6ce-bf20-1379-a7b3-c76703f15db0" testName="SharpenImage" computerName="DL3776" duration="00:00:08.6663124" startTime="2017-02-10T11:18:43.7062886+00:00" endTime="2017-02-10T11:18:52.3768226+00:00" testType="13cdc9d9-ddb5-4fa4-a97d-d965ccfc6d4b" outcome="Passed" testListId="8c84fa94-04c1-424b-9868-57a2d4851a1d" relativeResultsDirectory="2653a82d-c191-47cc-990c-8729bdab054a">
    </UnitTestResult>
  </Results>
</TestRun>